<?xml version="1.0" encoding="UTF-8"?>
<!-- Generated by org.testng.reporters.JUnitReportReporter -->
<testsuite skipped="0" hostname="Kalpeshs-MacBook-Air.local" name="TestCases.VerifyGoogleSearchFunctionalityWithTestNG" tests="1" failures="0" timestamp="2021-05-15T19:27:28 IST" time="4.489" errors="0">
  <testcase name="GoogleSearch" time="4.489" classname="TestCases.VerifyGoogleSearchFunctionalityWithTestNG"/>
  <system-out/>
</testsuite> <!-- TestCases.VerifyGoogleSearchFunctionalityWithTestNG -->
