<?xml version="1.0" encoding="UTF-8"?>
<!-- Generated by org.testng.reporters.JUnitReportReporter -->
<testsuite skipped="0" hostname="Kalpeshs-MacBook-Air.local" name="TestCases.VerifyGoogleSearchFunctionalityWithTestNG2" tests="1" failures="0" timestamp="2021-05-19T11:56:55 IST" time="1.527" errors="0">
  <testcase name="GoogleSearch2" time="1.527" classname="TestCases.VerifyGoogleSearchFunctionalityWithTestNG2"/>
  <system-out/>
</testsuite> <!-- TestCases.VerifyGoogleSearchFunctionalityWithTestNG2 -->
