<?xml version="1.0" encoding="UTF-8"?>
<!-- Generated by org.testng.reporters.JUnitReportReporter -->
<testsuite skipped="0" hostname="Kalpeshs-MacBook-Air.local" name="TestCases.FindBrokenImages" tests="1" failures="0" timestamp="2021-05-20T13:22:27 IST" time="1.888" errors="0">
  <testcase name="validateInvalidImages" time="1.888" classname="TestCases.FindBrokenImages"/>
  <system-out/>
</testsuite> <!-- TestCases.FindBrokenImages -->
